0 info it worked if it ends with ok
1 verbose cli [ '/home/fabianofdf/.nvm/versions/node/v7.7.2/bin/node',
1 verbose cli   '/home/fabianofdf/.nvm/versions/node/v7.7.2/bin/npm',
1 verbose cli   'start' ]
2 info using npm@4.1.2
3 info using node@v7.7.2
4 verbose run-script [ 'prestart', 'start', 'poststart' ]
5 info lifecycle i18n_verify@1.0.0~prestart: i18n_verify@1.0.0
6 silly lifecycle i18n_verify@1.0.0~prestart: no script for prestart, continuing
7 info lifecycle i18n_verify@1.0.0~start: i18n_verify@1.0.0
8 verbose lifecycle i18n_verify@1.0.0~start: unsafe-perm in lifecycle true
9 verbose lifecycle i18n_verify@1.0.0~start: PATH: /home/fabianofdf/.nvm/versions/node/v7.7.2/lib/node_modules/npm/bin/node-gyp-bin:/media/fabianofdf/F8665B1B665ADA48/dev/projects/git_repo/i18n-verify/node_modules/.bin:/home/fabianofdf/.nvm/versions/node/v7.7.2/bin:/home/fabianofdf/bin:/home/fabianofdf/.local/bin:/usr/local/maven/bin:/usr/local/sbin:/usr/local/bin:/usr/sbin:/usr/bin:/sbin:/bin:/usr/games:/usr/local/games:/snap/bin:/usr/lib/jvm/java-8-oracle/bin:/usr/lib/jvm/java-8-oracle/db/bin:/usr/lib/jvm/java-8-oracle/jre/bin
10 verbose lifecycle i18n_verify@1.0.0~start: CWD: /media/fabianofdf/F8665B1B665ADA48/dev/projects/git_repo/i18n-verify
11 silly lifecycle i18n_verify@1.0.0~start: Args: [ '-c', 'node server' ]
12 silly lifecycle i18n_verify@1.0.0~start: Returned: code: 1  signal: null
13 info lifecycle i18n_verify@1.0.0~start: Failed to exec start script
14 verbose stack Error: i18n_verify@1.0.0 start: `node server`
14 verbose stack Exit status 1
14 verbose stack     at EventEmitter.<anonymous> (/home/fabianofdf/.nvm/versions/node/v7.7.2/lib/node_modules/npm/lib/utils/lifecycle.js:279:16)
14 verbose stack     at emitTwo (events.js:106:13)
14 verbose stack     at EventEmitter.emit (events.js:194:7)
14 verbose stack     at ChildProcess.<anonymous> (/home/fabianofdf/.nvm/versions/node/v7.7.2/lib/node_modules/npm/lib/utils/spawn.js:40:14)
14 verbose stack     at emitTwo (events.js:106:13)
14 verbose stack     at ChildProcess.emit (events.js:194:7)
14 verbose stack     at maybeClose (internal/child_process.js:899:16)
14 verbose stack     at Process.ChildProcess._handle.onexit (internal/child_process.js:226:5)
15 verbose pkgid i18n_verify@1.0.0
16 verbose cwd /media/fabianofdf/F8665B1B665ADA48/dev/projects/git_repo/i18n-verify
17 error Linux 4.10.0-35-generic
18 error argv "/home/fabianofdf/.nvm/versions/node/v7.7.2/bin/node" "/home/fabianofdf/.nvm/versions/node/v7.7.2/bin/npm" "start"
19 error node v7.7.2
20 error npm  v4.1.2
21 error code ELIFECYCLE
22 error i18n_verify@1.0.0 start: `node server`
22 error Exit status 1
23 error Failed at the i18n_verify@1.0.0 start script 'node server'.
23 error Make sure you have the latest version of node.js and npm installed.
23 error If you do, this is most likely a problem with the i18n_verify package,
23 error not with npm itself.
23 error Tell the author that this fails on your system:
23 error     node server
23 error You can get information on how to open an issue for this project with:
23 error     npm bugs i18n_verify
23 error Or if that isn't available, you can get their info via:
23 error     npm owner ls i18n_verify
23 error There is likely additional logging output above.
24 verbose exit [ 1, true ]
